<?xml version="1.0" encoding="UTF-8"?>
<!-- Generated by org.testng.reporters.JUnitXMLReporter -->
<testsuite hostname="dilantha-new" ignored="0" name="Default test" tests="4" failures="0" timestamp="06 Oct 2018 13:20:49 GMT" time="6.084" errors="0">
  <testcase name="verifyResponsecode" time="0.009" classname="getRequest.ValidateAcceptanceCriteria"/>
  <testcase name="findName" time="0.576" classname="getRequest.ValidateAcceptanceCriteria"/>
  <testcase name="findCanRelist" time="0.034" classname="getRequest.ValidateAcceptanceCriteria"/>
  <testcase name="findDescInGallryItem" time="0.026" classname="getRequest.ValidateAcceptanceCriteria"/>
</testsuite> <!-- Default test -->
