<?xml version="1.0" encoding="UTF-8"?>
<!-- Generated by org.testng.reporters.JUnitXMLReporter -->
<testsuite hostname="dilantha-new" ignored="0" name="Default test" tests="4" failures="0" timestamp="05 Oct 2018 11:01:31 GMT" time="5.199" errors="0">
  <testcase name="verifyResponsecode" time="0.01" classname="getRequest.ValidateAcceptanceCriteria"/>
  <testcase name="findName" time="0.562" classname="getRequest.ValidateAcceptanceCriteria"/>
  <testcase name="findCanRelist" time="0.03" classname="getRequest.ValidateAcceptanceCriteria"/>
  <testcase name="findDescInGallryItem" time="0.042" classname="getRequest.ValidateAcceptanceCriteria"/>
</testsuite> <!-- Default test -->
