<?xml version="1.0" encoding="UTF-8"?>
<!-- Generated by org.testng.reporters.JUnitXMLReporter -->
<testsuite hostname="dilantha-new" ignored="0" name="Test" tests="4" failures="0" timestamp="05 Oct 2018 10:49:10 GMT" time="6.003" errors="0">
  <testcase name="verifyResponsecode" time="0.006" classname="getRequest.ValidateAcceptanceCriteria"/>
  <testcase name="findName" time="0.558" classname="getRequest.ValidateAcceptanceCriteria"/>
  <testcase name="findCanRelist" time="0.028" classname="getRequest.ValidateAcceptanceCriteria"/>
  <testcase name="findDescInGallryItem" time="0.024" classname="getRequest.ValidateAcceptanceCriteria"/>
</testsuite> <!-- Test -->
