<?xml version="1.0" encoding="UTF-8"?>
<!-- Generated by org.testng.reporters.JUnitXMLReporter -->
<testsuite hostname="dilantha-new" ignored="3" name="Test" tests="1" failures="0" timestamp="06 Oct 2018 13:55:35 GMT" time="4.663" errors="0">
  <testcase name="verifyResponsecode" time="0.01" classname="getRequest.ValidateAcceptanceCriteria"/>
  <testcase name="findCanRelist" time="0.0" classname="getRequest.ValidateAcceptanceCriteria">
    <ignored/>
  </testcase> <!-- findCanRelist -->
  <testcase name="findName" time="0.0" classname="getRequest.ValidateAcceptanceCriteria">
    <ignored/>
  </testcase> <!-- findName -->
  <testcase name="findDescInGallryItem" time="0.0" classname="getRequest.ValidateAcceptanceCriteria">
    <ignored/>
  </testcase> <!-- findDescInGallryItem -->
</testsuite> <!-- Test -->
