<?xml version="1.0" encoding="UTF-8"?>
<testng-results skipped="0" failed="0" ignored="3" total="4" passed="1">
  <reporter-output>
  </reporter-output>
  <suite name="Suite" duration-ms="4663" started-at="2018-10-06T13:55:30Z" finished-at="2018-10-06T13:55:35Z">
    <groups>
    </groups>
    <test name="Test" duration-ms="4663" started-at="2018-10-06T13:55:30Z" finished-at="2018-10-06T13:55:35Z">
      <class name="getRequest.ValidateAcceptanceCriteria">
        <test-method status="PASS" signature="setupMethod()[pri:0, instance:getRequest.ValidateAcceptanceCriteria@c038203]" name="setupMethod" is-config="true" duration-ms="4624" started-at="2018-10-06T13:55:30Z" finished-at="2018-10-06T13:55:35Z">
          <reporter-output>
          </reporter-output>
        </test-method> <!-- setupMethod -->
        <test-method status="PASS" signature="verifyResponsecode()[pri:0, instance:getRequest.ValidateAcceptanceCriteria@c038203]" name="verifyResponsecode" duration-ms="10" started-at="2018-10-06T13:55:35Z" finished-at="2018-10-06T13:55:35Z">
          <reporter-output>
          </reporter-output>
        </test-method> <!-- verifyResponsecode -->
      </class> <!-- getRequest.ValidateAcceptanceCriteria -->
    </test> <!-- Test -->
  </suite> <!-- Suite -->
</testng-results>
